23:56:17 **** Incremental Build of configuration Nios II for project Lab2_2 ****
make all 
Info: Building ../Lab2_2_bsp/
K:/Quartus18/nios2eds/bin/gnu/H-x86_64-mingw32/bin/make --no-print-directory -C ../Lab2_2_bsp/
[BSP build complete]
Info: Compiling main.c to obj/default/main.o
nios2-elf-gcc -xc -MP -MMD -c -I../Lab2_2_bsp//HAL/inc -I../Lab2_2_bsp/ -I../Lab2_2_bsp//drivers/inc  -pipe -D__hal__ -DALT_NO_INSTRUCTION_EMULATION -DALT_SINGLE_THREADED    -O0 -g -Wall   -mno-hw-div -mno-hw-mul -mno-hw-mulx -mgpopt=global  -o obj/default/main.o main.c
main.c: In function 'main':
main.c:15:7: warning: unused variable 'counter' [-Wunused-variable]
   int counter=0;
       ^
Info: Linking Lab2_2.elf
nios2-elf-g++  -T'../Lab2_2_bsp//linker.x' -msys-crt0='../Lab2_2_bsp//obj/HAL/src/crt0.o' -msys-lib=hal_bsp -L../Lab2_2_bsp/   -Wl,-Map=Lab2_2.map   -O0 -g -Wall   -mno-hw-div -mno-hw-mul -mno-hw-mulx -mgpopt=global  -o Lab2_2.elf obj/default/main.o -lm -msys-lib=m
nios2-elf-insert Lab2_2.elf --thread_model hal --cpu_name CPU --qsys true --simulation_enabled false --stderr_dev JUART --stdin_dev JUART --stdout_dev JUART --sopc_system_name Nios2 --quartus_project_dir "C:/Users/USER/Desktop/2025_2_NioII_SoC_Lab/Lab2_DE10" --jdi ../..//output_files/Nios2.jdi --sopcinfo C:/Users/USER/Desktop/2025_2_NioII_SoC_Lab/Lab2_DE10/software/Lab2_2_bsp/../../Nios2.sopcinfo
Info: (Lab2_2.elf) 16 KBytes program size (code + initialized data).
Info:              98 KBytes free for stack + heap.
Info: Creating Lab2_2.objdump
nios2-elf-objdump --disassemble --syms --all-header --source Lab2_2.elf >Lab2_2.objdump
[Lab2_2 build complete]
23:56:23 **** Build of configuration Nios II for project Lab2_2 ****
make all 
Info: Building ../Lab2_2_bsp/
K:/Quartus18/nios2eds/bin/gnu/H-x86_64-mingw32/bin/make --no-print-directory -C ../Lab2_2_bsp/
[BSP build complete]
[Lab2_2 build complete]
23:56:25 **** Incremental Build of configuration Nios II for project Lab2_2 ****
make all 
Info: Building ../Lab2_2_bsp/
K:/Quartus18/nios2eds/bin/gnu/H-x86_64-mingw32/bin/make --no-print-directory -C ../Lab2_2_bsp/
[BSP build complete]
[Lab2_2 build complete]
