Flow report for Nios2
Mon Mar 02 02:14:15 2026
Quartus Prime Version 18.1.0 Build 625 09/12/2018 SJ Lite Edition


---------------------
; Table of Contents ;
---------------------
  1. Legal Notice
  2. Flow Summary
  3. Flow Settings
  4. Flow Non-Default Global Settings
  5. Flow Elapsed Time
  6. Flow OS Summary
  7. Flow Log
  8. Flow Messages
  9. Flow Suppressed Messages



----------------
; Legal Notice ;
----------------
Copyright (C) 2018  Intel Corporation. All rights reserved.
Your use of Intel Corporation's design tools, logic functions 
and other software and tools, and its AMPP partner logic 
functions, and any output files from any of the foregoing 
(including device programming or simulation files), and any 
associated documentation or information are expressly subject 
to the terms and conditions of the Intel Program License 
Subscription Agreement, the Intel Quartus Prime License Agreement,
the Intel FPGA IP License Agreement, or other applicable license
agreement, including, without limitation, that your use is for
the sole purpose of programming logic devices manufactured by
Intel and sold by Intel or its authorized distributors.  Please
refer to the applicable agreement for further details.



+-------------------------------------------------------------------------------+
; Flow Summary                                                                  ;
+---------------------------------+---------------------------------------------+
; Flow Status                     ; Successful - Mon Mar 02 02:13:53 2026       ;
; Quartus Prime Version           ; 18.1.0 Build 625 09/12/2018 SJ Lite Edition ;
; Revision Name                   ; Nios2                                       ;
; Top-level Entity Name           ; Nios2_top                                   ;
; Family                          ; Cyclone V                                   ;
; Device                          ; 5CSXFC6D6F31C6                              ;
; Timing Models                   ; Final                                       ;
; Logic utilization (in ALMs)     ; 1,130 / 41,910 ( 3 % )                      ;
; Total registers                 ; 1797                                        ;
; Total pins                      ; 56 / 499 ( 11 % )                           ;
; Total virtual pins              ; 0                                           ;
; Total block memory bits         ; 994,432 / 5,662,720 ( 18 % )                ;
; Total DSP Blocks                ; 0 / 112 ( 0 % )                             ;
; Total HSSI RX PCSs              ; 0 / 9 ( 0 % )                               ;
; Total HSSI PMA RX Deserializers ; 0 / 9 ( 0 % )                               ;
; Total HSSI TX PCSs              ; 0 / 9 ( 0 % )                               ;
; Total HSSI PMA TX Serializers   ; 0 / 9 ( 0 % )                               ;
; Total PLLs                      ; 1 / 15 ( 7 % )                              ;
; Total DLLs                      ; 0 / 4 ( 0 % )                               ;
+---------------------------------+---------------------------------------------+


+-----------------------------------------+
; Flow Settings                           ;
+-------------------+---------------------+
; Option            ; Setting             ;
+-------------------+---------------------+
; Start date & time ; 03/02/2026 02:10:49 ;
; Main task         ; Compilation         ;
; Revision Name     ; Nios2               ;
+-------------------+---------------------+


+----------------------------------------------------------------------------------------------------------------------------------------------+
; Flow Non-Default Global Settings                                                                                                             ;
+-------------------------------------+---------------------------------------------------------+---------------+-----------------+------------+
; Assignment Name                     ; Value                                                   ; Default Value ; Entity Name     ; Section Id ;
+-------------------------------------+---------------------------------------------------------+---------------+-----------------+------------+
; COMPILER_SIGNATURE_ID               ; 84440840969871.177238864808080                          ; --            ; --              ; --         ;
; MAX_CORE_JUNCTION_TEMP              ; 85                                                      ; --            ; --              ; --         ;
; MIN_CORE_JUNCTION_TEMP              ; 0                                                       ; --            ; --              ; --         ;
; MISC_FILE                           ; Nios2/synthesis/../Nios2.cmp                            ; --            ; --              ; --         ;
; MISC_FILE                           ; Nios2/synthesis/../../Nios2.qsys                        ; --            ; --              ; --         ;
; OUTPUT_IO_TIMING_FAR_END_VMEAS      ; Half Signal Swing                                       ; --            ; --              ; --         ;
; OUTPUT_IO_TIMING_FAR_END_VMEAS      ; Half Signal Swing                                       ; --            ; --              ; --         ;
; OUTPUT_IO_TIMING_NEAR_END_VMEAS     ; Half Vccio                                              ; --            ; --              ; --         ;
; OUTPUT_IO_TIMING_NEAR_END_VMEAS     ; Half Vccio                                              ; --            ; --              ; --         ;
; PARTITION_COLOR                     ; -- (Not supported for targeted family)                  ; --            ; Nios2_top       ; Top        ;
; PARTITION_COLOR                     ; -- (Not supported for targeted family)                  ; --            ; SDRAM_Nios_Test ; Top        ;
; PARTITION_FITTER_PRESERVATION_LEVEL ; -- (Not supported for targeted family)                  ; --            ; Nios2_top       ; Top        ;
; PARTITION_FITTER_PRESERVATION_LEVEL ; -- (Not supported for targeted family)                  ; --            ; SDRAM_Nios_Test ; Top        ;
; PARTITION_NETLIST_TYPE              ; -- (Not supported for targeted family)                  ; --            ; Nios2_top       ; Top        ;
; PARTITION_NETLIST_TYPE              ; -- (Not supported for targeted family)                  ; --            ; SDRAM_Nios_Test ; Top        ;
; PROJECT_OUTPUT_DIRECTORY            ; output_files                                            ; --            ; --              ; --         ;
; SLD_FILE                            ; Nios2/synthesis/Nios2.regmap                            ; --            ; --              ; --         ;
; SLD_FILE                            ; Nios2/synthesis/Nios2.debuginfo                         ; --            ; --              ; --         ;
; SLD_INFO                            ; QSYS_NAME Nios2 HAS_SOPCINFO 1 GENERATION_ID 1772388552 ; --            ; --              ; --         ;
; SOPCINFO_FILE                       ; Nios2/synthesis/../../Nios2.sopcinfo                    ; --            ; --              ; --         ;
; SYNTHESIS_ONLY_QIP                  ; On                                                      ; --            ; --              ; --         ;
; TOP_LEVEL_ENTITY                    ; Nios2_top                                               ; Nios2         ; --              ; --         ;
+-------------------------------------+---------------------------------------------------------+---------------+-----------------+------------+


+--------------------------------------------------------------------------------------------------------------------------+
; Flow Elapsed Time                                                                                                        ;
+----------------------+--------------+-------------------------+---------------------+------------------------------------+
; Module Name          ; Elapsed Time ; Average Processors Used ; Peak Virtual Memory ; Total CPU Time (on all processors) ;
+----------------------+--------------+-------------------------+---------------------+------------------------------------+
; Analysis & Synthesis ; 00:00:59     ; 1.0                     ; 5008 MB             ; 00:01:31                           ;
; Fitter               ; 00:01:40     ; 1.2                     ; 7052 MB             ; 00:03:36                           ;
; Assembler            ; 00:00:15     ; 1.0                     ; 4882 MB             ; 00:00:15                           ;
; Timing Analyzer      ; 00:00:20     ; 1.7                     ; 5365 MB             ; 00:00:30                           ;
; Total                ; 00:03:14     ; --                      ; --                  ; 00:05:52                           ;
+----------------------+--------------+-------------------------+---------------------+------------------------------------+


+------------------------------------------------------------------------------------+
; Flow OS Summary                                                                    ;
+----------------------+------------------+------------+------------+----------------+
; Module Name          ; Machine Hostname ; OS Name    ; OS Version ; Processor type ;
+----------------------+------------------+------------+------------+----------------+
; Analysis & Synthesis ; DESKTOP-L74U05T  ; Windows 10 ; 10.0       ; x86_64         ;
; Fitter               ; DESKTOP-L74U05T  ; Windows 10 ; 10.0       ; x86_64         ;
; Assembler            ; DESKTOP-L74U05T  ; Windows 10 ; 10.0       ; x86_64         ;
; Timing Analyzer      ; DESKTOP-L74U05T  ; Windows 10 ; 10.0       ; x86_64         ;
+----------------------+------------------+------------+------------+----------------+


------------
; Flow Log ;
------------
quartus_map --read_settings_files=on --write_settings_files=off Nios2 -c Nios2
quartus_fit --read_settings_files=off --write_settings_files=off Nios2 -c Nios2
quartus_asm --read_settings_files=off --write_settings_files=off Nios2 -c Nios2
quartus_sta Nios2 -c Nios2



