Info: Starting: Create simulation model
Info: ip-generate --project-directory=C:/Users/USER/Desktop/2025_2_NioII_SoC_Lab/Lab1/ --output-directory=C:/Users/USER/Desktop/2025_2_NioII_SoC_Lab/Lab1/nios2/simulation/ --file-set=SIM_VHDL --report-file=sopcinfo:C:/Users/USER/Desktop/2025_2_NioII_SoC_Lab/Lab1/nios2.sopcinfo --report-file=html:C:/Users/USER/Desktop/2025_2_NioII_SoC_Lab/Lab1/nios2.html --report-file=sip:C:/Users/USER/Desktop/2025_2_NioII_SoC_Lab/Lab1/nios2/simulation/nios2.sip --report-file=csv:C:/Users/USER/Desktop/2025_2_NioII_SoC_Lab/Lab1/nios2.csv --report-file=spd:C:/Users/USER/Desktop/2025_2_NioII_SoC_Lab/Lab1/nios2.spd --report-file=cmp:C:/Users/USER/Desktop/2025_2_NioII_SoC_Lab/Lab1/nios2.cmp --system-info=DEVICE_FAMILY="Cyclone V" --system-info=DEVICE=5CSXFC6D6F31C6 --system-info=DEVICE_SPEEDGRADE=6_H6 --component-file=C:/Users/USER/Desktop/2025_2_NioII_SoC_Lab/Lab1/nios2.qsys
Progress: Loading Lab1/nios2.qsys
Progress: Reading input file
Progress: Adding clk_0 [clock_source 13.0]
Progress: Parameterizing module clk_0
Progress: Adding nios2 [altera_nios2_qsys 13.0]
Progress: Parameterizing module nios2
Progress: Adding RAM [altera_avalon_onchip_memory2 13.0.1.99.2]
Progress: Parameterizing module RAM
Progress: Adding JUART [altera_avalon_jtag_uart 13.0.1.99.2]
Progress: Parameterizing module JUART
Progress: Adding LED_PIO [altera_avalon_pio 13.0.1.99.2]
Progress: Parameterizing module LED_PIO
Progress: Building connections
Progress: Parameterizing connections
Progress: Validating
Progress: Done reading input file
Info: nios2: Generating nios2 "nios2" for SIM_VHDL
Info: pipeline_bridge_swap_transform: After transform: 5 modules, 17 connections
Info: No custom instruction connections, skipping transform 
Info: merlin_translator_transform: After transform: 11 modules, 35 connections
Info: merlin_domain_transform: After transform: 22 modules, 89 connections
Info: merlin_router_transform: After transform: 28 modules, 107 connections
Info: reset_adaptation_transform: After transform: 29 modules, 109 connections
Info: merlin_network_to_switch_transform: After transform: 40 modules, 137 connections
Info: merlin_mm_transform: After transform: 40 modules, 137 connections
Info: merlin_interrupt_mapper_transform: After transform: 41 modules, 140 connections
Warning: nios2: "No matching role found for rst_controller:reset_out:reset_req (reset_req)"
Warning: nios2: "No matching role found for rst_controller:reset_out:reset_req (reset_req)"
Warning: nios2: "No matching role found for rst_controller:reset_out:reset_req (reset_req)"
Warning: nios2: "No matching role found for rst_controller:reset_out:reset_req (reset_req)"
Warning: nios2: "No matching role found for rst_controller:reset_out:reset_req (reset_req)"
Warning: nios2: "No matching role found for rst_controller:reset_out:reset_req (reset_req)"
Warning: nios2: "No matching role found for rst_controller:reset_out:reset_req (reset_req)"
Warning: nios2: "No matching role found for rst_controller:reset_out:reset_req (reset_req)"
Warning: nios2: "No matching role found for rst_controller:reset_out:reset_req (reset_req)"
Warning: nios2: "No matching role found for rst_controller:reset_out:reset_req (reset_req)"
Warning: nios2: "No matching role found for rst_controller:reset_out:reset_req (reset_req)"
Warning: nios2: "No matching role found for rst_controller:reset_out:reset_req (reset_req)"
Warning: nios2: "No matching role found for rst_controller:reset_out:reset_req (reset_req)"
Warning: nios2: "No matching role found for rst_controller:reset_out:reset_req (reset_req)"
Warning: nios2: "No matching role found for rst_controller:reset_out:reset_req (reset_req)"
Warning: nios2: "No matching role found for rst_controller:reset_out:reset_req (reset_req)"
Warning: nios2: "No matching role found for rst_controller:reset_out:reset_req (reset_req)"
Warning: nios2: "No matching role found for rst_controller:reset_out:reset_req (reset_req)"
Warning: nios2: "No matching role found for rst_controller:reset_out:reset_req (reset_req)"
Warning: nios2: "No matching role found for rst_controller:reset_out:reset_req (reset_req)"
Warning: nios2: "No matching role found for rst_controller:reset_out:reset_req (reset_req)"
Warning: nios2: "No matching role found for rst_controller:reset_out:reset_req (reset_req)"
Warning: nios2: "No matching role found for rst_controller:reset_out:reset_req (reset_req)"
Warning: nios2: "No matching role found for rst_controller:reset_out:reset_req (reset_req)"
Warning: nios2: "No matching role found for rst_controller:reset_out:reset_req (reset_req)"
Warning: nios2: "No matching role found for rst_controller:reset_out:reset_req (reset_req)"
Warning: nios2: "No matching role found for rst_controller:reset_out:reset_req (reset_req)"
Warning: nios2: "No matching role found for rst_controller:reset_out:reset_req (reset_req)"
Warning: nios2: "No matching role found for rst_controller:reset_out:reset_req (reset_req)"
Warning: nios2: "No matching role found for rst_controller:reset_out:reset_req (reset_req)"
Warning: nios2: "No matching role found for rst_controller:reset_out:reset_req (reset_req)"
Warning: nios2: "No matching role found for rst_controller:reset_out:reset_req (reset_req)"
Warning: nios2: "No matching role found for rst_controller:reset_out:reset_req (reset_req)"
Warning: nios2: "No matching role found for rst_controller:reset_out:reset_req (reset_req)"
Warning: nios2: "No matching role found for rst_controller:reset_out:reset_req (reset_req)"
Warning: nios2: "No matching role found for rst_controller:reset_out:reset_req (reset_req)"
Warning: nios2: "No matching role found for rst_controller:reset_out:reset_req (reset_req)"
Warning: nios2: "No matching role found for rst_controller:reset_out:reset_req (reset_req)"
Info: nios2: Starting RTL generation for module 'nios2_nios2'
Info: nios2:   Generation command is [exec K:/quartusii/quartus/../ip/altera/nios2_ip/altera_nios2/eperl.exe -I K:/quartusii/quartus/common/ip/altera/common/perl/5.8.3 -I K:/quartusii/quartus/sopc_builder/bin/europa -I K:/quartusii/quartus/sopc_builder/bin/perl_lib -I K:/quartusii/quartus/sopc_builder/bin -I K:/quartusii/quartus/../ip/altera/nios2_ip/altera_nios2/cpu_lib -I K:/quartusii/quartus/../ip/altera/nios2_ip/altera_nios2/nios_lib -I K:/quartusii/quartus/../ip/altera/nios2_ip/altera_nios2 -I K:/quartusii/quartus/../ip/altera/nios2_ip/altera_nios2 -- K:/quartusii/quartus/../ip/altera/nios2_ip/altera_nios2/generate_rtl.epl --name=nios2_nios2 --dir=C:/Users/USER/AppData/Local/Temp/alt0513_4725926834765059210.dir/0001_nios2_gen/ --quartus_dir=K:/quartusii/quartus --vhdl --config=C:/Users/USER/AppData/Local/Temp/alt0513_4725926834765059210.dir/0001_nios2_gen//nios2_nios2_processor_configuration.pl  --do_build_sim=1    --sim_dir=C:/Users/USER/AppData/Local/Temp/alt0513_4725926834765059210.dir/0001_nios2_gen/    --bogus  ]
Info: nios2: # 2026.03.01 12:22:39 (*) Starting Nios II generation
Info: nios2: # 2026.03.01 12:22:39 (*)   Checking for plaintext license.
Info: nios2: # 2026.03.01 12:22:40 (*)   Couldn't query license setup in Quartus directory K:/quartusii/quartus
Info: nios2: # 2026.03.01 12:22:40 (*)   Defaulting to contents of LM_LICENSE_FILE environment variable
Info: nios2: # 2026.03.01 12:22:40 (*)   Plaintext license not found.
Info: nios2: # 2026.03.01 12:22:40 (*)   No license required to generate encrypted Nios II/e.
Info: nios2: # 2026.03.01 12:22:40 (*)   Elaborating CPU configuration settings
Info: nios2: # 2026.03.01 12:22:40 (*)   Creating all objects for CPU
Info: nios2: # 2026.03.01 12:22:41 (*)   Creating 'C:/Users/USER/AppData/Local/Temp/alt0513_4725926834765059210.dir/0001_nios2_gen//nios2_nios2_nios2_waves.do'
Info: nios2: # 2026.03.01 12:22:41 (*)   Generating RTL from CPU objects
Info: nios2: # 2026.03.01 12:22:41 (*)   Creating plain-text RTL
Info: nios2: # 2026.03.01 12:22:45 (*) Done Nios II generation
Info: nios2: Done RTL generation for module 'nios2_nios2'
Info: nios2: "nios2" instantiated altera_nios2_qsys "nios2"
Info: RAM: Starting RTL generation for module 'nios2_RAM'
Info: RAM:   Generation command is [exec K:/quartusii/quartus/bin/perl/bin/perl.exe -I K:/quartusii/quartus/common/ip/altera/common/perl/5.8.3 -I K:/quartusii/quartus/sopc_builder/bin/europa -I K:/quartusii/quartus/sopc_builder/bin/perl_lib -I K:/quartusii/quartus/sopc_builder/bin -I K:/quartusii/quartus/../ip/altera/sopc_builder_ip/common -I K:/quartusii/quartus/../ip/altera/sopc_builder_ip/altera_avalon_onchip_memory2 -- K:/quartusii/quartus/../ip/altera/sopc_builder_ip/altera_avalon_onchip_memory2/generate_rtl.pl --name=nios2_RAM --dir=C:/Users/USER/AppData/Local/Temp/alt0513_4725926834765059210.dir/0002_RAM_gen/ --quartus_dir=K:/quartusii/quartus --vhdl --config=C:/Users/USER/AppData/Local/Temp/alt0513_4725926834765059210.dir/0002_RAM_gen//nios2_RAM_component_configuration.pl  --do_build_sim=1    --sim_dir=C:/Users/USER/AppData/Local/Temp/alt0513_4725926834765059210.dir/0002_RAM_gen/  ]
Info: RAM: Done RTL generation for module 'nios2_RAM'
Info: RAM: "nios2" instantiated altera_avalon_onchip_memory2 "RAM"
Info: JUART: Starting RTL generation for module 'nios2_JUART'
Info: JUART:   Generation command is [exec K:/quartusii/quartus/bin/perl/bin/perl.exe -I K:/quartusii/quartus/common/ip/altera/common/perl/5.8.3 -I K:/quartusii/quartus/sopc_builder/bin/europa -I K:/quartusii/quartus/sopc_builder/bin/perl_lib -I K:/quartusii/quartus/sopc_builder/bin -I K:/quartusii/quartus/../ip/altera/sopc_builder_ip/common -I K:/quartusii/quartus/../ip/altera/sopc_builder_ip/altera_avalon_jtag_uart -- K:/quartusii/quartus/../ip/altera/sopc_builder_ip/altera_avalon_jtag_uart/generate_rtl.pl --name=nios2_JUART --dir=C:/Users/USER/AppData/Local/Temp/alt0513_4725926834765059210.dir/0003_JUART_gen/ --quartus_dir=K:/quartusii/quartus --vhdl --config=C:/Users/USER/AppData/Local/Temp/alt0513_4725926834765059210.dir/0003_JUART_gen//nios2_JUART_component_configuration.pl  --do_build_sim=1    --sim_dir=C:/Users/USER/AppData/Local/Temp/alt0513_4725926834765059210.dir/0003_JUART_gen/  ]
Info: JUART: Done RTL generation for module 'nios2_JUART'
Info: JUART: "nios2" instantiated altera_avalon_jtag_uart "JUART"
Info: LED_PIO: Starting RTL generation for module 'nios2_LED_PIO'
Info: LED_PIO:   Generation command is [exec K:/quartusii/quartus/bin/perl/bin/perl.exe -I K:/quartusii/quartus/common/ip/altera/common/perl/5.8.3 -I K:/quartusii/quartus/sopc_builder/bin/europa -I K:/quartusii/quartus/sopc_builder/bin/perl_lib -I K:/quartusii/quartus/sopc_builder/bin -I K:/quartusii/quartus/../ip/altera/sopc_builder_ip/common -I K:/quartusii/quartus/../ip/altera/sopc_builder_ip/altera_avalon_pio -- K:/quartusii/quartus/../ip/altera/sopc_builder_ip/altera_avalon_pio/generate_rtl.pl --name=nios2_LED_PIO --dir=C:/Users/USER/AppData/Local/Temp/alt0513_4725926834765059210.dir/0004_LED_PIO_gen/ --quartus_dir=K:/quartusii/quartus --vhdl --config=C:/Users/USER/AppData/Local/Temp/alt0513_4725926834765059210.dir/0004_LED_PIO_gen//nios2_LED_PIO_component_configuration.pl  --do_build_sim=1    --sim_dir=C:/Users/USER/AppData/Local/Temp/alt0513_4725926834765059210.dir/0004_LED_PIO_gen/  ]
Info: LED_PIO: Done RTL generation for module 'nios2_LED_PIO'
Info: LED_PIO: "nios2" instantiated altera_avalon_pio "LED_PIO"
Info: nios2_instruction_master_translator: "nios2" instantiated altera_merlin_master_translator "nios2_instruction_master_translator"
Info: nios2_jtag_debug_module_translator: "nios2" instantiated altera_merlin_slave_translator "nios2_jtag_debug_module_translator"
Info: nios2_instruction_master_translator_avalon_universal_master_0_agent: "nios2" instantiated altera_merlin_master_agent "nios2_instruction_master_translator_avalon_universal_master_0_agent"
Info: nios2_jtag_debug_module_translator_avalon_universal_slave_0_agent: "nios2" instantiated altera_merlin_slave_agent "nios2_jtag_debug_module_translator_avalon_universal_slave_0_agent"
Info: nios2_jtag_debug_module_translator_avalon_universal_slave_0_agent_rsp_fifo: Generating VHDL simulation model
Warning: Parallel compilation is not licensed and has been disabled
Info: nios2_jtag_debug_module_translator_avalon_universal_slave_0_agent_rsp_fifo: Generated simulation model nios2_nios2_jtag_debug_module_translator_avalon_universal_slave_0_agent_rsp_fifo.vho
Info: nios2_jtag_debug_module_translator_avalon_universal_slave_0_agent_rsp_fifo: "nios2" instantiated altera_avalon_sc_fifo "nios2_jtag_debug_module_translator_avalon_universal_slave_0_agent_rsp_fifo"
Warning: Parallel compilation is not licensed and has been disabled
Info: addr_router: "nios2" instantiated altera_merlin_router "addr_router"
Warning: Parallel compilation is not licensed and has been disabled
Info: id_router: "nios2" instantiated altera_merlin_router "id_router"
Info: rst_controller: "nios2" instantiated altera_reset_controller "rst_controller"
Info: cmd_xbar_demux: Generating VHDL simulation model
Warning: Parallel compilation is not licensed and has been disabled
Info: cmd_xbar_demux: Generated simulation model nios2_cmd_xbar_demux.vho
Info: cmd_xbar_demux: "nios2" instantiated altera_merlin_demultiplexer "cmd_xbar_demux"
Info: cmd_xbar_mux: Generating VHDL simulation model
Warning: Parallel compilation is not licensed and has been disabled
Info: cmd_xbar_mux: Generated simulation model nios2_cmd_xbar_mux.vho
Info: cmd_xbar_mux: "nios2" instantiated altera_merlin_multiplexer "cmd_xbar_mux"
Info: rsp_xbar_demux: Generating VHDL simulation model
Warning: Parallel compilation is not licensed and has been disabled
Info: rsp_xbar_demux: Generated simulation model nios2_rsp_xbar_demux.vho
Info: rsp_xbar_demux: "nios2" instantiated altera_merlin_demultiplexer "rsp_xbar_demux"
Info: rsp_xbar_mux: Generating VHDL simulation model
Warning: Parallel compilation is not licensed and has been disabled
Info: rsp_xbar_mux: Generated simulation model nios2_rsp_xbar_mux.vho
Info: rsp_xbar_mux: "nios2" instantiated altera_merlin_multiplexer "rsp_xbar_mux"
Info: irq_mapper: Generating VHDL simulation model
Warning: Parallel compilation is not licensed and has been disabled
Info: irq_mapper: Generated simulation model nios2_irq_mapper.vho
Info: irq_mapper: "nios2" instantiated altera_irq_mapper "irq_mapper"
Info: nios2: Done nios2" with 18 modules, 99 files, 4093041 bytes
Info: ip-generate succeeded.
Info: Finished: Create simulation model
Info: Starting: Create Modelsim Project.
Info: sim-script-gen --spd=C:/Users/USER/Desktop/2025_2_NioII_SoC_Lab/Lab1/nios2.spd --output-directory=C:/Users/USER/Desktop/2025_2_NioII_SoC_Lab/Lab1/nios2/simulation/
Info: Doing: ip-make-simscript --spd=C:/Users/USER/Desktop/2025_2_NioII_SoC_Lab/Lab1/nios2.spd --output-directory=C:/Users/USER/Desktop/2025_2_NioII_SoC_Lab/Lab1/nios2/simulation/
Info: Generating the following file(s) for MODELSIM simulator in C:/Users/USER/Desktop/2025_2_NioII_SoC_Lab/Lab1/nios2/simulation/ directory:
Info: 	mentor/msim_setup.tcl
Info: Skipping VCS script generation since VHDL file $QUARTUS_INSTALL_DIR/eda/sim_lib/altera_syn_attributes.vhd is required for simulation
Info: Generating the following file(s) for VCSMX simulator in C:/Users/USER/Desktop/2025_2_NioII_SoC_Lab/Lab1/nios2/simulation/ directory:
Info: 	synopsys/vcsmx/synopsys_sim.setup
Info: 	synopsys/vcsmx/vcsmx_setup.sh
Info: Generating the following file(s) for NCSIM simulator in C:/Users/USER/Desktop/2025_2_NioII_SoC_Lab/Lab1/nios2/simulation/ directory:
Info: 	cadence/cds.lib
Info: 	cadence/hdl.var
Info: 	cadence/ncsim_setup.sh
Info: 	12 .cds.lib files in cadence/cds_libs/ directory
Info: Generating the following file(s) for RIVIERAPRO simulator in C:/Users/USER/Desktop/2025_2_NioII_SoC_Lab/Lab1/nios2/simulation/ directory:
Info: 	aldec/rivierapro_setup.tcl
Info: Finished: Create Modelsim Project.
Info: Starting: Create block symbol file (.bsf)
Info: ip-generate --project-directory=C:/Users/USER/Desktop/2025_2_NioII_SoC_Lab/Lab1/ --output-directory=C:/Users/USER/Desktop/2025_2_NioII_SoC_Lab/Lab1/nios2/ --report-file=bsf:C:/Users/USER/Desktop/2025_2_NioII_SoC_Lab/Lab1/nios2.bsf --system-info=DEVICE_FAMILY="Cyclone V" --system-info=DEVICE=5CSXFC6D6F31C6 --system-info=DEVICE_SPEEDGRADE=6_H6 --component-file=C:/Users/USER/Desktop/2025_2_NioII_SoC_Lab/Lab1/nios2.qsys
Progress: Loading Lab1/nios2.qsys
Progress: Reading input file
Progress: Adding clk_0 [clock_source 13.0]
Progress: Parameterizing module clk_0
Progress: Adding nios2 [altera_nios2_qsys 13.0]
Progress: Parameterizing module nios2
Progress: Adding RAM [altera_avalon_onchip_memory2 13.0.1.99.2]
Progress: Parameterizing module RAM
Progress: Adding JUART [altera_avalon_jtag_uart 13.0.1.99.2]
Progress: Parameterizing module JUART
Progress: Adding LED_PIO [altera_avalon_pio 13.0.1.99.2]
Progress: Parameterizing module LED_PIO
Progress: Building connections
Progress: Parameterizing connections
Progress: Validating
Progress: Done reading input file
Info: ip-generate succeeded.
Info: Finished: Create block symbol file (.bsf)
Info: 
Info: Starting: Create HDL design files for synthesis
Info: ip-generate --project-directory=C:/Users/USER/Desktop/2025_2_NioII_SoC_Lab/Lab1/ --output-directory=C:/Users/USER/Desktop/2025_2_NioII_SoC_Lab/Lab1/nios2/synthesis/ --file-set=QUARTUS_SYNTH --report-file=sopcinfo:C:/Users/USER/Desktop/2025_2_NioII_SoC_Lab/Lab1/nios2.sopcinfo --report-file=html:C:/Users/USER/Desktop/2025_2_NioII_SoC_Lab/Lab1/nios2.html --report-file=qip:C:/Users/USER/Desktop/2025_2_NioII_SoC_Lab/Lab1/nios2/synthesis/nios2.qip --report-file=cmp:C:/Users/USER/Desktop/2025_2_NioII_SoC_Lab/Lab1/nios2.cmp --report-file=svd --system-info=DEVICE_FAMILY="Cyclone V" --system-info=DEVICE=5CSXFC6D6F31C6 --system-info=DEVICE_SPEEDGRADE=6_H6 --component-file=C:/Users/USER/Desktop/2025_2_NioII_SoC_Lab/Lab1/nios2.qsys --language=VERILOG
Progress: Loading Lab1/nios2.qsys
Progress: Reading input file
Progress: Adding clk_0 [clock_source 13.0]
Progress: Parameterizing module clk_0
Progress: Adding nios2 [altera_nios2_qsys 13.0]
Progress: Parameterizing module nios2
Progress: Adding RAM [altera_avalon_onchip_memory2 13.0.1.99.2]
Progress: Parameterizing module RAM
Progress: Adding JUART [altera_avalon_jtag_uart 13.0.1.99.2]
Progress: Parameterizing module JUART
Progress: Adding LED_PIO [altera_avalon_pio 13.0.1.99.2]
Progress: Parameterizing module LED_PIO
Progress: Building connections
Progress: Parameterizing connections
Progress: Validating
Progress: Done reading input file
Info: nios2: Generating nios2 "nios2" for QUARTUS_SYNTH
Info: pipeline_bridge_swap_transform: After transform: 5 modules, 17 connections
Info: No custom instruction connections, skipping transform 
Info: merlin_translator_transform: After transform: 11 modules, 35 connections
Info: merlin_domain_transform: After transform: 22 modules, 89 connections
Info: merlin_router_transform: After transform: 28 modules, 107 connections
Info: reset_adaptation_transform: After transform: 29 modules, 109 connections
Info: merlin_network_to_switch_transform: After transform: 40 modules, 137 connections
Info: merlin_mm_transform: After transform: 40 modules, 137 connections
Info: merlin_interrupt_mapper_transform: After transform: 41 modules, 140 connections
Warning: nios2: "No matching role found for rst_controller:reset_out:reset_req (reset_req)"
Warning: nios2: "No matching role found for rst_controller:reset_out:reset_req (reset_req)"
Warning: nios2: "No matching role found for rst_controller:reset_out:reset_req (reset_req)"
Warning: nios2: "No matching role found for rst_controller:reset_out:reset_req (reset_req)"
Warning: nios2: "No matching role found for rst_controller:reset_out:reset_req (reset_req)"
Warning: nios2: "No matching role found for rst_controller:reset_out:reset_req (reset_req)"
Warning: nios2: "No matching role found for rst_controller:reset_out:reset_req (reset_req)"
Warning: nios2: "No matching role found for rst_controller:reset_out:reset_req (reset_req)"
Warning: nios2: "No matching role found for rst_controller:reset_out:reset_req (reset_req)"
Warning: nios2: "No matching role found for rst_controller:reset_out:reset_req (reset_req)"
Warning: nios2: "No matching role found for rst_controller:reset_out:reset_req (reset_req)"
Warning: nios2: "No matching role found for rst_controller:reset_out:reset_req (reset_req)"
Warning: nios2: "No matching role found for rst_controller:reset_out:reset_req (reset_req)"
Warning: nios2: "No matching role found for rst_controller:reset_out:reset_req (reset_req)"
Warning: nios2: "No matching role found for rst_controller:reset_out:reset_req (reset_req)"
Warning: nios2: "No matching role found for rst_controller:reset_out:reset_req (reset_req)"
Warning: nios2: "No matching role found for rst_controller:reset_out:reset_req (reset_req)"
Warning: nios2: "No matching role found for rst_controller:reset_out:reset_req (reset_req)"
Warning: nios2: "No matching role found for rst_controller:reset_out:reset_req (reset_req)"
Warning: nios2: "No matching role found for rst_controller:reset_out:reset_req (reset_req)"
Warning: nios2: "No matching role found for rst_controller:reset_out:reset_req (reset_req)"
Warning: nios2: "No matching role found for rst_controller:reset_out:reset_req (reset_req)"
Warning: nios2: "No matching role found for rst_controller:reset_out:reset_req (reset_req)"
Warning: nios2: "No matching role found for rst_controller:reset_out:reset_req (reset_req)"
Warning: nios2: "No matching role found for rst_controller:reset_out:reset_req (reset_req)"
Warning: nios2: "No matching role found for rst_controller:reset_out:reset_req (reset_req)"
Warning: nios2: "No matching role found for rst_controller:reset_out:reset_req (reset_req)"
Warning: nios2: "No matching role found for rst_controller:reset_out:reset_req (reset_req)"
Warning: nios2: "No matching role found for rst_controller:reset_out:reset_req (reset_req)"
Warning: nios2: "No matching role found for rst_controller:reset_out:reset_req (reset_req)"
Warning: nios2: "No matching role found for rst_controller:reset_out:reset_req (reset_req)"
Warning: nios2: "No matching role found for rst_controller:reset_out:reset_req (reset_req)"
Warning: nios2: "No matching role found for rst_controller:reset_out:reset_req (reset_req)"
Warning: nios2: "No matching role found for rst_controller:reset_out:reset_req (reset_req)"
Warning: nios2: "No matching role found for rst_controller:reset_out:reset_req (reset_req)"
Warning: nios2: "No matching role found for rst_controller:reset_out:reset_req (reset_req)"
Warning: nios2: "No matching role found for rst_controller:reset_out:reset_req (reset_req)"
Warning: nios2: "No matching role found for rst_controller:reset_out:reset_req (reset_req)"
Info: nios2: Starting RTL generation for module 'nios2_nios2'
Info: nios2:   Generation command is [exec K:/quartusii/quartus/../ip/altera/nios2_ip/altera_nios2/eperl.exe -I K:/quartusii/quartus/common/ip/altera/common/perl/5.8.3 -I K:/quartusii/quartus/sopc_builder/bin/europa -I K:/quartusii/quartus/sopc_builder/bin/perl_lib -I K:/quartusii/quartus/sopc_builder/bin -I K:/quartusii/quartus/../ip/altera/nios2_ip/altera_nios2/cpu_lib -I K:/quartusii/quartus/../ip/altera/nios2_ip/altera_nios2/nios_lib -I K:/quartusii/quartus/../ip/altera/nios2_ip/altera_nios2 -I K:/quartusii/quartus/../ip/altera/nios2_ip/altera_nios2 -- K:/quartusii/quartus/../ip/altera/nios2_ip/altera_nios2/generate_rtl.epl --name=nios2_nios2 --dir=C:/Users/USER/AppData/Local/Temp/alt0513_4725926834765059210.dir/0035_nios2_gen/ --quartus_dir=K:/quartusii/quartus --verilog --config=C:/Users/USER/AppData/Local/Temp/alt0513_4725926834765059210.dir/0035_nios2_gen//nios2_nios2_processor_configuration.pl  --do_build_sim=0    --bogus  ]
Info: nios2: # 2026.03.01 12:23:10 (*) Starting Nios II generation
Info: nios2: # 2026.03.01 12:23:10 (*)   Checking for plaintext license.
Info: nios2: # 2026.03.01 12:23:11 (*)   Couldn't query license setup in Quartus directory K:/quartusii/quartus
Info: nios2: # 2026.03.01 12:23:11 (*)   Defaulting to contents of LM_LICENSE_FILE environment variable
Info: nios2: # 2026.03.01 12:23:11 (*)   Plaintext license not found.
Info: nios2: # 2026.03.01 12:23:11 (*)   No license required to generate encrypted Nios II/e.
Info: nios2: # 2026.03.01 12:23:11 (*)   Elaborating CPU configuration settings
Info: nios2: # 2026.03.01 12:23:11 (*)   Creating all objects for CPU
Info: nios2: # 2026.03.01 12:23:12 (*)   Generating RTL from CPU objects
Info: nios2: # 2026.03.01 12:23:12 (*)   Creating plain-text RTL
Info: nios2: # 2026.03.01 12:23:14 (*) Done Nios II generation
Info: nios2: Done RTL generation for module 'nios2_nios2'
Info: nios2: "nios2" instantiated altera_nios2_qsys "nios2"
Info: RAM: Starting RTL generation for module 'nios2_RAM'
Info: RAM:   Generation command is [exec K:/quartusii/quartus/bin/perl/bin/perl.exe -I K:/quartusii/quartus/common/ip/altera/common/perl/5.8.3 -I K:/quartusii/quartus/sopc_builder/bin/europa -I K:/quartusii/quartus/sopc_builder/bin/perl_lib -I K:/quartusii/quartus/sopc_builder/bin -I K:/quartusii/quartus/../ip/altera/sopc_builder_ip/common -I K:/quartusii/quartus/../ip/altera/sopc_builder_ip/altera_avalon_onchip_memory2 -- K:/quartusii/quartus/../ip/altera/sopc_builder_ip/altera_avalon_onchip_memory2/generate_rtl.pl --name=nios2_RAM --dir=C:/Users/USER/AppData/Local/Temp/alt0513_4725926834765059210.dir/0036_RAM_gen/ --quartus_dir=K:/quartusii/quartus --verilog --config=C:/Users/USER/AppData/Local/Temp/alt0513_4725926834765059210.dir/0036_RAM_gen//nios2_RAM_component_configuration.pl  --do_build_sim=0  ]
Info: RAM: Done RTL generation for module 'nios2_RAM'
Info: RAM: "nios2" instantiated altera_avalon_onchip_memory2 "RAM"
Info: JUART: Starting RTL generation for module 'nios2_JUART'
Info: JUART:   Generation command is [exec K:/quartusii/quartus/bin/perl/bin/perl.exe -I K:/quartusii/quartus/common/ip/altera/common/perl/5.8.3 -I K:/quartusii/quartus/sopc_builder/bin/europa -I K:/quartusii/quartus/sopc_builder/bin/perl_lib -I K:/quartusii/quartus/sopc_builder/bin -I K:/quartusii/quartus/../ip/altera/sopc_builder_ip/common -I K:/quartusii/quartus/../ip/altera/sopc_builder_ip/altera_avalon_jtag_uart -- K:/quartusii/quartus/../ip/altera/sopc_builder_ip/altera_avalon_jtag_uart/generate_rtl.pl --name=nios2_JUART --dir=C:/Users/USER/AppData/Local/Temp/alt0513_4725926834765059210.dir/0037_JUART_gen/ --quartus_dir=K:/quartusii/quartus --verilog --config=C:/Users/USER/AppData/Local/Temp/alt0513_4725926834765059210.dir/0037_JUART_gen//nios2_JUART_component_configuration.pl  --do_build_sim=0  ]
Info: JUART: Done RTL generation for module 'nios2_JUART'
Info: JUART: "nios2" instantiated altera_avalon_jtag_uart "JUART"
Info: LED_PIO: Starting RTL generation for module 'nios2_LED_PIO'
Info: LED_PIO:   Generation command is [exec K:/quartusii/quartus/bin/perl/bin/perl.exe -I K:/quartusii/quartus/common/ip/altera/common/perl/5.8.3 -I K:/quartusii/quartus/sopc_builder/bin/europa -I K:/quartusii/quartus/sopc_builder/bin/perl_lib -I K:/quartusii/quartus/sopc_builder/bin -I K:/quartusii/quartus/../ip/altera/sopc_builder_ip/common -I K:/quartusii/quartus/../ip/altera/sopc_builder_ip/altera_avalon_pio -- K:/quartusii/quartus/../ip/altera/sopc_builder_ip/altera_avalon_pio/generate_rtl.pl --name=nios2_LED_PIO --dir=C:/Users/USER/AppData/Local/Temp/alt0513_4725926834765059210.dir/0038_LED_PIO_gen/ --quartus_dir=K:/quartusii/quartus --verilog --config=C:/Users/USER/AppData/Local/Temp/alt0513_4725926834765059210.dir/0038_LED_PIO_gen//nios2_LED_PIO_component_configuration.pl  --do_build_sim=0  ]
Info: LED_PIO: Done RTL generation for module 'nios2_LED_PIO'
Info: LED_PIO: "nios2" instantiated altera_avalon_pio "LED_PIO"
Info: nios2_instruction_master_translator: "nios2" instantiated altera_merlin_master_translator "nios2_instruction_master_translator"
Info: nios2_jtag_debug_module_translator: "nios2" instantiated altera_merlin_slave_translator "nios2_jtag_debug_module_translator"
Info: nios2_instruction_master_translator_avalon_universal_master_0_agent: "nios2" instantiated altera_merlin_master_agent "nios2_instruction_master_translator_avalon_universal_master_0_agent"
Info: nios2_jtag_debug_module_translator_avalon_universal_slave_0_agent: "nios2" instantiated altera_merlin_slave_agent "nios2_jtag_debug_module_translator_avalon_universal_slave_0_agent"
Info: nios2_jtag_debug_module_translator_avalon_universal_slave_0_agent_rsp_fifo: "nios2" instantiated altera_avalon_sc_fifo "nios2_jtag_debug_module_translator_avalon_universal_slave_0_agent_rsp_fifo"
Info: addr_router: "nios2" instantiated altera_merlin_router "addr_router"
Info: id_router: "nios2" instantiated altera_merlin_router "id_router"
Info: rst_controller: "nios2" instantiated altera_reset_controller "rst_controller"
Info: cmd_xbar_demux: "nios2" instantiated altera_merlin_demultiplexer "cmd_xbar_demux"
Info: cmd_xbar_mux: "nios2" instantiated altera_merlin_multiplexer "cmd_xbar_mux"
Info: rsp_xbar_demux: "nios2" instantiated altera_merlin_demultiplexer "rsp_xbar_demux"
Info: rsp_xbar_mux: "nios2" instantiated altera_merlin_multiplexer "rsp_xbar_mux"
Info: Reusing file C:/Users/USER/Desktop/2025_2_NioII_SoC_Lab/Lab1/nios2/synthesis/submodules/altera_merlin_arbitrator.sv
Info: irq_mapper: "nios2" instantiated altera_irq_mapper "irq_mapper"
Info: nios2: Done nios2" with 18 modules, 62 files, 1334837 bytes
Info: ip-generate succeeded.
Info: Finished: Create HDL design files for synthesis
