Flow report for Nios2
Sun Mar 01 13:14:20 2026
Quartus II 64-Bit Version 13.0.1 Build 232 06/12/2013 Service Pack 1 SJ Web Edition


---------------------
; Table of Contents ;
---------------------
  1. Legal Notice
  2. Flow Summary
  3. Flow Settings
  4. Flow Non-Default Global Settings
  5. Flow Elapsed Time
  6. Flow OS Summary
  7. Flow Log
  8. Flow Messages
  9. Flow Suppressed Messages



----------------
; Legal Notice ;
----------------
Copyright (C) 1991-2013 Altera Corporation
Your use of Altera Corporation's design tools, logic functions 
and other software and tools, and its AMPP partner logic 
functions, and any output files from any of the foregoing 
(including device programming or simulation files), and any 
associated documentation or information are expressly subject 
to the terms and conditions of the Altera Program License 
Subscription Agreement, Altera MegaCore Function License 
Agreement, or other applicable license agreement, including, 
without limitation, that your use is for the sole purpose of 
programming logic devices manufactured by Altera and sold by 
Altera or its authorized distributors.  Please refer to the 
applicable agreement for further details.



+---------------------------------------------------------------------------------------+
; Flow Summary                                                                          ;
+-------------------------------------+-------------------------------------------------+
; Flow Status                         ; Successful - Sun Mar 01 13:14:20 2026           ;
; Quartus II 64-Bit Version           ; 13.0.1 Build 232 06/12/2013 SP 1 SJ Web Edition ;
; Revision Name                       ; Nios2                                           ;
; Top-level Entity Name               ; Nios2_top                                       ;
; Family                              ; Cyclone V                                       ;
; Device                              ; 5CSXFC6D6F31C6                                  ;
; Timing Models                       ; Preliminary                                     ;
; Logic utilization (in ALMs)         ; 764 / 41,910 ( 2 % )                            ;
; Total registers                     ; 967                                             ;
; Total pins                          ; 12 / 499 ( 2 % )                                ;
; Total virtual pins                  ; 0                                               ;
; Total block memory bits             ; 338,944 / 5,662,720 ( 6 % )                     ;
; Total DSP Blocks                    ; 0 / 112 ( 0 % )                                 ;
; Total HSSI RX PCSs                  ; 0 / 9 ( 0 % )                                   ;
; Total HSSI PMA RX Deserializers     ; 0 / 9 ( 0 % )                                   ;
; Total HSSI PMA RX ATT Deserializers ; 0                                               ;
; Total HSSI TX PCSs                  ; 0 / 9 ( 0 % )                                   ;
; Total HSSI PMA TX Serializers       ; 0 / 9 ( 0 % )                                   ;
; Total HSSI PMA TX ATT Serializers   ; 0 / 9 ( 0 % )                                   ;
; Total PLLs                          ; 0 / 15 ( 0 % )                                  ;
; Total DLLs                          ; 0 / 4 ( 0 % )                                   ;
+-------------------------------------+-------------------------------------------------+


+-----------------------------------------+
; Flow Settings                           ;
+-------------------+---------------------+
; Option            ; Setting             ;
+-------------------+---------------------+
; Start date & time ; 03/01/2026 13:11:44 ;
; Main task         ; Compilation         ;
; Revision Name     ; Nios2               ;
+-------------------+---------------------+


+------------------------------------------------------------------------------------------------------------------------------------------------------------------+
; Flow Non-Default Global Settings                                                                                                                                 ;
+-------------------------------------+---------------------------------------------------------+---------------+---------------------------------+----------------+
; Assignment Name                     ; Value                                                   ; Default Value ; Entity Name                     ; Section Id     ;
+-------------------------------------+---------------------------------------------------------+---------------+---------------------------------+----------------+
; COMPILER_SIGNATURE_ID               ; 84440840969871.177234190416440                          ; --            ; --                              ; --             ;
; EDA_OUTPUT_DATA_FORMAT              ; Vhdl                                                    ; --            ; --                              ; eda_simulation ;
; EDA_SIMULATION_TOOL                 ; ModelSim-Altera (VHDL)                                  ; <None>        ; --                              ; --             ;
; IP_TOOL_ENV                         ; Qsys                                                    ; --            ; --                              ; --             ;
; IP_TOOL_ENV                         ; Qsys                                                    ; --            ; Nios2_CPU                       ; --             ;
; IP_TOOL_ENV                         ; Qsys                                                    ; --            ; Nios2_JUART                     ; --             ;
; IP_TOOL_ENV                         ; Qsys                                                    ; --            ; Nios2_PIO_LED                   ; --             ;
; IP_TOOL_ENV                         ; Qsys                                                    ; --            ; Nios2_RAM                       ; --             ;
; IP_TOOL_ENV                         ; Qsys                                                    ; --            ; Nios2_addr_router               ; --             ;
; IP_TOOL_ENV                         ; Qsys                                                    ; --            ; Nios2_cmd_xbar_demux            ; --             ;
; IP_TOOL_ENV                         ; Qsys                                                    ; --            ; Nios2_cmd_xbar_mux              ; --             ;
; IP_TOOL_ENV                         ; Qsys                                                    ; --            ; Nios2_id_router                 ; --             ;
; IP_TOOL_ENV                         ; Qsys                                                    ; --            ; Nios2_irq_mapper                ; --             ;
; IP_TOOL_ENV                         ; Qsys                                                    ; --            ; Nios2_rsp_xbar_demux            ; --             ;
; IP_TOOL_ENV                         ; Qsys                                                    ; --            ; Nios2_rsp_xbar_mux              ; --             ;
; IP_TOOL_ENV                         ; Qsys                                                    ; --            ; altera_avalon_sc_fifo           ; --             ;
; IP_TOOL_ENV                         ; Qsys                                                    ; --            ; altera_merlin_master_agent      ; --             ;
; IP_TOOL_ENV                         ; Qsys                                                    ; --            ; altera_merlin_master_translator ; --             ;
; IP_TOOL_ENV                         ; Qsys                                                    ; --            ; altera_merlin_slave_agent       ; --             ;
; IP_TOOL_ENV                         ; Qsys                                                    ; --            ; altera_merlin_slave_translator  ; --             ;
; IP_TOOL_ENV                         ; Qsys                                                    ; --            ; altera_reset_controller         ; --             ;
; IP_TOOL_NAME                        ; Qsys                                                    ; --            ; --                              ; --             ;
; IP_TOOL_NAME                        ; altera_nios2_qsys                                       ; --            ; Nios2_CPU                       ; --             ;
; IP_TOOL_NAME                        ; altera_avalon_jtag_uart                                 ; --            ; Nios2_JUART                     ; --             ;
; IP_TOOL_NAME                        ; altera_avalon_pio                                       ; --            ; Nios2_PIO_LED                   ; --             ;
; IP_TOOL_NAME                        ; altera_avalon_onchip_memory2                            ; --            ; Nios2_RAM                       ; --             ;
; IP_TOOL_NAME                        ; altera_merlin_router                                    ; --            ; Nios2_addr_router               ; --             ;
; IP_TOOL_NAME                        ; altera_merlin_demultiplexer                             ; --            ; Nios2_cmd_xbar_demux            ; --             ;
; IP_TOOL_NAME                        ; altera_merlin_multiplexer                               ; --            ; Nios2_cmd_xbar_mux              ; --             ;
; IP_TOOL_NAME                        ; altera_merlin_router                                    ; --            ; Nios2_id_router                 ; --             ;
; IP_TOOL_NAME                        ; altera_irq_mapper                                       ; --            ; Nios2_irq_mapper                ; --             ;
; IP_TOOL_NAME                        ; altera_merlin_demultiplexer                             ; --            ; Nios2_rsp_xbar_demux            ; --             ;
; IP_TOOL_NAME                        ; altera_merlin_multiplexer                               ; --            ; Nios2_rsp_xbar_mux              ; --             ;
; IP_TOOL_NAME                        ; altera_avalon_sc_fifo                                   ; --            ; altera_avalon_sc_fifo           ; --             ;
; IP_TOOL_NAME                        ; altera_merlin_master_agent                              ; --            ; altera_merlin_master_agent      ; --             ;
; IP_TOOL_NAME                        ; altera_merlin_master_translator                         ; --            ; altera_merlin_master_translator ; --             ;
; IP_TOOL_NAME                        ; altera_merlin_slave_agent                               ; --            ; altera_merlin_slave_agent       ; --             ;
; IP_TOOL_NAME                        ; altera_merlin_slave_translator                          ; --            ; altera_merlin_slave_translator  ; --             ;
; IP_TOOL_NAME                        ; altera_reset_controller                                 ; --            ; altera_reset_controller         ; --             ;
; IP_TOOL_VERSION                     ; 13.0sp1                                                 ; --            ; --                              ; --             ;
; IP_TOOL_VERSION                     ; 13.0                                                    ; --            ; Nios2_CPU                       ; --             ;
; IP_TOOL_VERSION                     ; 13.0.1.99.2                                             ; --            ; Nios2_JUART                     ; --             ;
; IP_TOOL_VERSION                     ; 13.0.1.99.2                                             ; --            ; Nios2_PIO_LED                   ; --             ;
; IP_TOOL_VERSION                     ; 13.0.1.99.2                                             ; --            ; Nios2_RAM                       ; --             ;
; IP_TOOL_VERSION                     ; 13.0                                                    ; --            ; Nios2_addr_router               ; --             ;
; IP_TOOL_VERSION                     ; 13.0                                                    ; --            ; Nios2_cmd_xbar_demux            ; --             ;
; IP_TOOL_VERSION                     ; 13.0                                                    ; --            ; Nios2_cmd_xbar_mux              ; --             ;
; IP_TOOL_VERSION                     ; 13.0                                                    ; --            ; Nios2_id_router                 ; --             ;
; IP_TOOL_VERSION                     ; 13.0                                                    ; --            ; Nios2_irq_mapper                ; --             ;
; IP_TOOL_VERSION                     ; 13.0                                                    ; --            ; Nios2_rsp_xbar_demux            ; --             ;
; IP_TOOL_VERSION                     ; 13.0                                                    ; --            ; Nios2_rsp_xbar_mux              ; --             ;
; IP_TOOL_VERSION                     ; 13.0                                                    ; --            ; altera_avalon_sc_fifo           ; --             ;
; IP_TOOL_VERSION                     ; 13.0                                                    ; --            ; altera_merlin_master_agent      ; --             ;
; IP_TOOL_VERSION                     ; 13.0                                                    ; --            ; altera_merlin_master_translator ; --             ;
; IP_TOOL_VERSION                     ; 13.0                                                    ; --            ; altera_merlin_slave_agent       ; --             ;
; IP_TOOL_VERSION                     ; 13.0                                                    ; --            ; altera_merlin_slave_translator  ; --             ;
; IP_TOOL_VERSION                     ; 13.0                                                    ; --            ; altera_reset_controller         ; --             ;
; MAX_CORE_JUNCTION_TEMP              ; 85                                                      ; --            ; --                              ; --             ;
; MIN_CORE_JUNCTION_TEMP              ; 0                                                       ; --            ; --                              ; --             ;
; MISC_FILE                           ; Nios2/synthesis/../../Nios2.cmp                         ; --            ; --                              ; --             ;
; MISC_FILE                           ; Nios2/synthesis/../../Nios2.qsys                        ; --            ; --                              ; --             ;
; PARTITION_COLOR                     ; 16764057                                                ; --            ; Nios2_top                       ; Top            ;
; PARTITION_FITTER_PRESERVATION_LEVEL ; PLACEMENT_AND_ROUTING                                   ; --            ; Nios2_top                       ; Top            ;
; PARTITION_NETLIST_TYPE              ; SOURCE                                                  ; --            ; Nios2_top                       ; Top            ;
; POWER_BOARD_THERMAL_MODEL           ; None (CONSERVATIVE)                                     ; --            ; --                              ; --             ;
; POWER_PRESET_COOLING_SOLUTION       ; 23 MM HEAT SINK WITH 200 LFPM AIRFLOW                   ; --            ; --                              ; --             ;
; PROJECT_OUTPUT_DIRECTORY            ; output_files                                            ; --            ; --                              ; --             ;
; SLD_INFO                            ; QSYS_NAME Nios2 HAS_SOPCINFO 1 GENERATION_ID 1772340871 ; --            ; --                              ; --             ;
; SOPCINFO_FILE                       ; Nios2/synthesis/../../Nios2.sopcinfo                    ; --            ; --                              ; --             ;
; SYNTHESIS_ONLY_QIP                  ; On                                                      ; --            ; --                              ; --             ;
; TOP_LEVEL_ENTITY                    ; Nios2_top                                               ; Nios2         ; --                              ; --             ;
+-------------------------------------+---------------------------------------------------------+---------------+---------------------------------+----------------+


+-------------------------------------------------------------------------------------------------------------------------------+
; Flow Elapsed Time                                                                                                             ;
+---------------------------+--------------+-------------------------+---------------------+------------------------------------+
; Module Name               ; Elapsed Time ; Average Processors Used ; Peak Virtual Memory ; Total CPU Time (on all processors) ;
+---------------------------+--------------+-------------------------+---------------------+------------------------------------+
; Analysis & Synthesis      ; 00:00:13     ; 1.0                     ; 4746 MB             ; 00:00:12                           ;
; Fitter                    ; 00:01:53     ; 1.0                     ; 6034 MB             ; 00:01:51                           ;
; Assembler                 ; 00:00:01     ; 1.0                     ; 4599 MB             ; 00:00:02                           ;
; TimeQuest Timing Analyzer ; 00:00:20     ; 1.0                     ; 5215 MB             ; 00:00:18                           ;
; EDA Netlist Writer        ; 00:00:02     ; 1.0                     ; 4610 MB             ; 00:00:02                           ;
; Total                     ; 00:02:29     ; --                      ; --                  ; 00:02:25                           ;
+---------------------------+--------------+-------------------------+---------------------+------------------------------------+


+----------------------------------------------------------------------------------------+
; Flow OS Summary                                                                        ;
+---------------------------+------------------+-----------+------------+----------------+
; Module Name               ; Machine Hostname ; OS Name   ; OS Version ; Processor type ;
+---------------------------+------------------+-----------+------------+----------------+
; Analysis & Synthesis      ; DESKTOP-L74U05T  ; Windows 7 ; 6.2        ; x86_64         ;
; Fitter                    ; DESKTOP-L74U05T  ; Windows 7 ; 6.2        ; x86_64         ;
; Assembler                 ; DESKTOP-L74U05T  ; Windows 7 ; 6.2        ; x86_64         ;
; TimeQuest Timing Analyzer ; DESKTOP-L74U05T  ; Windows 7 ; 6.2        ; x86_64         ;
; EDA Netlist Writer        ; DESKTOP-L74U05T  ; Windows 7 ; 6.2        ; x86_64         ;
+---------------------------+------------------+-----------+------------+----------------+


------------
; Flow Log ;
------------
quartus_map --read_settings_files=on --write_settings_files=off Nios2 -c Nios2
quartus_fit --read_settings_files=off --write_settings_files=off Nios2 -c Nios2
quartus_asm --read_settings_files=off --write_settings_files=off Nios2 -c Nios2
quartus_sta Nios2 -c Nios2
quartus_eda --read_settings_files=off --write_settings_files=off Nios2 -c Nios2



