IP Upgrade report for Nios2
Sun Mar 01 14:57:19 2026
Quartus Prime Version 18.1.0 Build 625 09/12/2018 SJ Lite Edition


---------------------
; Table of Contents ;
---------------------
  1. Legal Notice
  2. IP Upgrade Summary
  3. Successfully Upgraded IP Components
  4. IP Upgrade Messages



----------------
; Legal Notice ;
----------------
Copyright (C) 2018  Intel Corporation. All rights reserved.
Your use of Intel Corporation's design tools, logic functions 
and other software and tools, and its AMPP partner logic 
functions, and any output files from any of the foregoing 
(including device programming or simulation files), and any 
associated documentation or information are expressly subject 
to the terms and conditions of the Intel Program License 
Subscription Agreement, the Intel Quartus Prime License Agreement,
the Intel FPGA IP License Agreement, or other applicable license
agreement, including, without limitation, that your use is for
the sole purpose of programming logic devices manufactured by
Intel and sold by Intel or its authorized distributors.  Please
refer to the applicable agreement for further details.



+----------------------------------------------------------------------------+
; IP Upgrade Summary                                                         ;
+------------------------------+---------------------------------------------+
; IP Components Upgrade Status ; Passed - Sun Mar 01 14:57:19 2026           ;
; Quartus Prime Version        ; 18.1.0 Build 625 09/12/2018 SJ Lite Edition ;
; Revision Name                ; Nios2                                       ;
; Top-level Entity Name        ; Nios2_top                                   ;
; Family                       ; Cyclone V                                   ;
+------------------------------+---------------------------------------------+


+---------------------------------------------------------------------------------------------------------------------------------+
; Successfully Upgraded IP Components                                                                                             ;
+-------------+----------------+---------+---------------------------+----------------------+---------------------------+---------+
; Entity Name ; Component Name ; Version ; Original Source File      ; Generation File Path ; New Source File           ; Message ;
+-------------+----------------+---------+---------------------------+----------------------+---------------------------+---------+
; Nios2       ; Qsys           ; 13.0sp1 ; Nios2/synthesis/Nios2.qip ; Nios2.qsys           ; Nios2/synthesis/Nios2.qip ;         ;
+-------------+----------------+---------+---------------------------+----------------------+---------------------------+---------+


+---------------------+
; IP Upgrade Messages ;
+---------------------+
Info (11902): Backing up file "Nios2.qsys" to "Nios2.BAK.qsys"
Info (11902): Backing up file "Nios2/synthesis/Nios2.v" to "Nios2.BAK.v"
Info (11837): Started upgrading IP component Qsys with file "Nios2.qsys"
Info: 2026.03.01.14:55:42 Info: Starting to upgrade the IP cores in the Platform Designer system
Info: 2026.03.01.14:55:43 Info: Upgrading from core type Nios II (Classic) Processor with version 13.0 to core type Nios II Processor with version 18.1
Info: 2026.03.01.14:55:44 Info: Migration Successful
Info: 2026.03.01.14:55:44 Info: Finished upgrading the ip cores
Info: 2026.03.01.14:55:57 Info: Saving generation log to C:/Users/USER/Desktop/2025_2_NioII_SoC_Lab/Lab1_DE10/Nios2
Info: 2026.03.01.14:55:57 Info: Starting: Create simulation model
Info: 2026.03.01.14:55:57 Info: qsys-generate C:\Users\USER\Desktop\2025_2_NioII_SoC_Lab\Lab1_DE10\Nios2.qsys --simulation=VERILOG --allow-mixed-language-simulation --output-directory=C:\Users\USER\Desktop\2025_2_NioII_SoC_Lab\Lab1_DE10\Nios2\simulation --family="Cyclone V" --part=5CSXFC6D6F31C6
Info: 2026.03.01.14:55:57 Info: Loading Lab1_DE10
Info: 2026.03.01.14:55:58 Info: Reading input file
Info: 2026.03.01.14:55:58 Info: Adding CLK [clock_source 18.1]
Info: 2026.03.01.14:55:58 Info: Parameterizing module CLK
Info: 2026.03.01.14:55:58 Info: Adding CPU [altera_nios2_gen2 18.1]
Info: 2026.03.01.14:55:58 Info: Parameterizing module CPU
Info: 2026.03.01.14:55:58 Info: Adding JUART [altera_avalon_jtag_uart 18.1]
Info: 2026.03.01.14:55:58 Info: Parameterizing module JUART
Info: 2026.03.01.14:55:58 Info: Adding PIO_LED [altera_avalon_pio 18.1]
Info: 2026.03.01.14:55:58 Info: Parameterizing module PIO_LED
Info: 2026.03.01.14:55:58 Info: Adding RAM [altera_avalon_onchip_memory2 18.1]
Info: 2026.03.01.14:55:58 Info: Parameterizing module RAM
Info: 2026.03.01.14:55:58 Info: Building connections
Info: 2026.03.01.14:55:58 Info: Parameterizing connections
Info: 2026.03.01.14:55:58 Info: Validating
Info: 2026.03.01.14:55:59 Info: Done reading input file
Info: 2026.03.01.14:56:02 Info: Nios2.JUART: JTAG UART IP input clock need to be at least double (2x) the operating frequency of JTAG TCK on board
Warning: 2026.03.01.14:56:02 Warning: Nios2.JUART: Interrupt sender JUART.irq is not connected to an interrupt receiver
Info: 2026.03.01.14:56:02 Info: Nios2: Generating Nios2 "Nios2" for SIM_VERILOG
Info: 2026.03.01.14:56:14 Info: CPU: "Nios2" instantiated altera_nios2_gen2 "CPU"
Info: 2026.03.01.14:56:14 Info: JUART: Starting RTL generation for module 'Nios2_JUART'
Info: 2026.03.01.14:56:14 Info: JUART:   Generation command is [exec K:/quartus18/quartus/bin64/perl/bin/perl.exe -I K:/quartus18/quartus/bin64/perl/lib -I K:/quartus18/quartus/sopc_builder/bin/europa -I K:/quartus18/quartus/sopc_builder/bin/perl_lib -I K:/quartus18/quartus/sopc_builder/bin -I K:/quartus18/quartus/../ip/altera/sopc_builder_ip/common -I K:/quartus18/quartus/../ip/altera/sopc_builder_ip/altera_avalon_jtag_uart -- K:/quartus18/quartus/../ip/altera/sopc_builder_ip/altera_avalon_jtag_uart/generate_rtl.pl --name=Nios2_JUART --dir=C:/Users/USER/AppData/Local/Temp/alt0513_5776266701836857986.dir/0002_JUART_gen/ --quartus_dir=K:/quartus18/quartus --verilog --config=C:/Users/USER/AppData/Local/Temp/alt0513_5776266701836857986.dir/0002_JUART_gen//Nios2_JUART_component_configuration.pl  --do_build_sim=1    --sim_dir=C:/Users/USER/AppData/Local/Temp/alt0513_5776266701836857986.dir/0002_JUART_gen
Info: 2026.03.01.14:56:16 Info: JUART: Done RTL generation for module 'Nios2_JUART'
Info: 2026.03.01.14:56:16 Info: JUART: "Nios2" instantiated altera_avalon_jtag_uart "JUART"
Info: 2026.03.01.14:56:16 Info: PIO_LED: Starting RTL generation for module 'Nios2_PIO_LED'
Info: 2026.03.01.14:56:16 Info: PIO_LED:   Generation command is [exec K:/quartus18/quartus/bin64/perl/bin/perl.exe -I K:/quartus18/quartus/bin64/perl/lib -I K:/quartus18/quartus/sopc_builder/bin/europa -I K:/quartus18/quartus/sopc_builder/bin/perl_lib -I K:/quartus18/quartus/sopc_builder/bin -I K:/quartus18/quartus/../ip/altera/sopc_builder_ip/common -I K:/quartus18/quartus/../ip/altera/sopc_builder_ip/altera_avalon_pio -- K:/quartus18/quartus/../ip/altera/sopc_builder_ip/altera_avalon_pio/generate_rtl.pl --name=Nios2_PIO_LED --dir=C:/Users/USER/AppData/Local/Temp/alt0513_5776266701836857986.dir/0003_PIO_LED_gen/ --quartus_dir=K:/quartus18/quartus --verilog --config=C:/Users/USER/AppData/Local/Temp/alt0513_5776266701836857986.dir/0003_PIO_LED_gen//Nios2_PIO_LED_component_configuration.pl  --do_build_sim=1    --sim_dir=C:/Users/USER/AppData/Local/Temp/alt0513_5776266701836857986.dir/0003_PIO_LED_gen
Info: 2026.03.01.14:56:17 Info: PIO_LED: Done RTL generation for module 'Nios2_PIO_LED'
Info: 2026.03.01.14:56:17 Info: PIO_LED: "Nios2" instantiated altera_avalon_pio "PIO_LED"
Info: 2026.03.01.14:56:17 Info: RAM: Starting RTL generation for module 'Nios2_RAM'
Info: 2026.03.01.14:56:17 Info: RAM:   Generation command is [exec K:/quartus18/quartus/bin64/perl/bin/perl.exe -I K:/quartus18/quartus/bin64/perl/lib -I K:/quartus18/quartus/sopc_builder/bin/europa -I K:/quartus18/quartus/sopc_builder/bin/perl_lib -I K:/quartus18/quartus/sopc_builder/bin -I K:/quartus18/quartus/../ip/altera/sopc_builder_ip/common -I K:/quartus18/quartus/../ip/altera/sopc_builder_ip/altera_avalon_onchip_memory2 -- K:/quartus18/quartus/../ip/altera/sopc_builder_ip/altera_avalon_onchip_memory2/generate_rtl.pl --name=Nios2_RAM --dir=C:/Users/USER/AppData/Local/Temp/alt0513_5776266701836857986.dir/0004_RAM_gen/ --quartus_dir=K:/quartus18/quartus --verilog --config=C:/Users/USER/AppData/Local/Temp/alt0513_5776266701836857986.dir/0004_RAM_gen//Nios2_RAM_component_configuration.pl  --do_build_sim=1    --sim_dir=C:/Users/USER/AppData/Local/Temp/alt0513_5776266701836857986.dir/0004_RAM_gen
Info: 2026.03.01.14:56:18 Info: RAM: Done RTL generation for module 'Nios2_RAM'
Info: 2026.03.01.14:56:18 Info: RAM: "Nios2" instantiated altera_avalon_onchip_memory2 "RAM"
Info: 2026.03.01.14:56:24 Info: avalon_st_adapter: Inserting error_adapter: error_adapter_0
Info: 2026.03.01.14:56:25 Info: avalon_st_adapter_001: Inserting error_adapter: error_adapter_0
Info: 2026.03.01.14:56:26 Info: avalon_st_adapter_002: Inserting error_adapter: error_adapter_0
Info: 2026.03.01.14:56:26 Info: avalon_st_adapter_003: Inserting error_adapter: error_adapter_0
Info: 2026.03.01.14:56:30 Info: mm_interconnect_0: "Nios2" instantiated altera_mm_interconnect "mm_interconnect_0"
Info: 2026.03.01.14:56:30 Info: irq_mapper: "Nios2" instantiated altera_irq_mapper "irq_mapper"
Info: 2026.03.01.14:56:30 Info: rst_controller: "Nios2" instantiated altera_reset_controller "rst_controller"
Info: 2026.03.01.14:56:30 Info: cpu: Starting RTL generation for module 'Nios2_CPU_cpu'
Info: 2026.03.01.14:56:30 Info: cpu:   Generation command is [exec K:/Quartus18/quartus/bin64//eperlcmd.exe -I K:/Quartus18/quartus/bin64//perl/lib -I K:/quartus18/quartus/sopc_builder/bin/europa -I K:/quartus18/quartus/sopc_builder/bin/perl_lib -I K:/quartus18/quartus/sopc_builder/bin -I K:/quartus18/quartus/../ip/altera/nios2_ip/altera_nios2_gen2/cpu_lib -I K:/quartus18/quartus/../ip/altera/nios2_ip/altera_nios2_gen2/nios_lib -I K:/quartus18/quartus/../ip/altera/nios2_ip/altera_nios2_gen2 -I K:/quartus18/quartus/../ip/altera/nios2_ip/altera_nios2_gen2 -- K:/quartus18/quartus/../ip/altera/nios2_ip/altera_nios2_gen2/generate_rtl.epl --name=Nios2_CPU_cpu --dir=C:/Users/USER/AppData/Local/Temp/alt0513_5776266701836857986.dir/0007_cpu_gen/ --quartus_bindir=K:/Quartus18/quartus/bin64/ --verilog --config=C:/Users/USER/AppData/Local/Temp/alt0513_5776266701836857986.dir/0007_cpu_gen//Nios2_CPU_cpu_processor_configuration.pl  --do_build_sim=1    --sim_dir=C:/Users/USER/AppData/Local/Temp/alt0513_5776266701836857986.dir/0007_cpu_gen
Info: 2026.03.01.14:56:37 Info: cpu: # 2026.03.01 14:56:33 (*) Starting Nios II generation
Info: 2026.03.01.14:56:37 Info: cpu: # 2026.03.01 14:56:33 (*)   Checking for plaintext license.
Info: 2026.03.01.14:56:37 Info: cpu: # 2026.03.01 14:56:34 (*)   Couldn't query license setup in Quartus directory K:/Quartus18/quartus/bin64
Info: 2026.03.01.14:56:37 Info: cpu: # 2026.03.01 14:56:34 (*)   Defaulting to contents of LM_LICENSE_FILE environment variable
Info: 2026.03.01.14:56:37 Info: cpu: # 2026.03.01 14:56:34 (*)   Plaintext license not found.
Info: 2026.03.01.14:56:37 Info: cpu: # 2026.03.01 14:56:34 (*)   No license required to generate encrypted Nios II
Info: 2026.03.01.14:56:37 Info: cpu: # 2026.03.01 14:56:34 (*)   Elaborating CPU configuration settings
Info: 2026.03.01.14:56:37 Info: cpu: # 2026.03.01 14:56:34 (*)   Creating all objects for CPU
Info: 2026.03.01.14:56:37 Info: cpu: # 2026.03.01 14:56:36 (*)   Creating 'C:/Users/USER/AppData/Local/Temp/alt0513_5776266701836857986.dir/0007_cpu_gen/
Info: 2026.03.01.14:56:37 Info: cpu: # 2026.03.01 14:56:36 (*)   Generating RTL from CPU objects
Info: 2026.03.01.14:56:37 Info: cpu: # 2026.03.01 14:56:36 (*)   Creating plain-text RTL
Info: 2026.03.01.14:56:37 Info: cpu: # 2026.03.01 14:56:37 (*) Done Nios II generation
Info: 2026.03.01.14:56:37 Info: cpu: Done RTL generation for module 'Nios2_CPU_cpu'
Info: 2026.03.01.14:56:37 Info: cpu: "CPU" instantiated altera_nios2_gen2_unit "cpu"
Info: 2026.03.01.14:56:37 Info: CPU_data_master_translator: "mm_interconnect_0" instantiated altera_merlin_master_translator "CPU_data_master_translator"
Info: 2026.03.01.14:56:37 Info: JUART_avalon_jtag_slave_translator: "mm_interconnect_0" instantiated altera_merlin_slave_translator "JUART_avalon_jtag_slave_translator"
Info: 2026.03.01.14:56:37 Info: CPU_data_master_agent: "mm_interconnect_0" instantiated altera_merlin_master_agent "CPU_data_master_agent"
Info: 2026.03.01.14:56:37 Info: JUART_avalon_jtag_slave_agent: "mm_interconnect_0" instantiated altera_merlin_slave_agent "JUART_avalon_jtag_slave_agent"
Info: 2026.03.01.14:56:37 Info: JUART_avalon_jtag_slave_agent_rsp_fifo: "mm_interconnect_0" instantiated altera_avalon_sc_fifo "JUART_avalon_jtag_slave_agent_rsp_fifo"
Info: 2026.03.01.14:56:37 Info: router: "mm_interconnect_0" instantiated altera_merlin_router "router"
Info: 2026.03.01.14:56:38 Info: router_002: "mm_interconnect_0" instantiated altera_merlin_router "router_002"
Info: 2026.03.01.14:56:38 Info: cmd_demux: "mm_interconnect_0" instantiated altera_merlin_demultiplexer "cmd_demux"
Info: 2026.03.01.14:56:38 Info: cmd_mux: "mm_interconnect_0" instantiated altera_merlin_multiplexer "cmd_mux"
Info: 2026.03.01.14:56:38 Info: rsp_demux: "mm_interconnect_0" instantiated altera_merlin_demultiplexer "rsp_demux"
Info: 2026.03.01.14:56:38 Info: rsp_mux: "mm_interconnect_0" instantiated altera_merlin_multiplexer "rsp_mux"
Info: 2026.03.01.14:56:38 Info: Reusing file C:/Users/USER/Desktop/2025_2_NioII_SoC_Lab/Lab1_DE10/Nios2/simulation/submodules
Info: 2026.03.01.14:56:40 Info: avalon_st_adapter: "mm_interconnect_0" instantiated altera_avalon_st_adapter "avalon_st_adapter"
Info: 2026.03.01.14:56:40 Info: error_adapter_0: "avalon_st_adapter" instantiated error_adapter "error_adapter_0"
Info: 2026.03.01.14:56:40 Info: Nios2: Done "Nios2" with 22 modules, 42 files
Info: 2026.03.01.14:56:40 Info: qsys-generate succeeded.
Info: 2026.03.01.14:56:40 Info: Finished: Create simulation model
Info: 2026.03.01.14:56:40 Info: Starting: Create Modelsim Project.
Info: 2026.03.01.14:56:40 Info: sim-script-gen --spd=C:\Users\USER\Desktop\2025_2_NioII_SoC_Lab\Lab1_DE10\Nios2\Nios2.spd --output-directory=C:/Users/USER/Desktop/2025_2_NioII_SoC_Lab/Lab1_DE10/Nios2/simulation
Info: 2026.03.01.14:56:40 Info: Doing: ip-make-simscript --spd=C:\Users\USER\Desktop\2025_2_NioII_SoC_Lab\Lab1_DE10\Nios2\Nios2.spd --output-directory=C:/Users/USER/Desktop/2025_2_NioII_SoC_Lab/Lab1_DE10/Nios2/simulation
Info: 2026.03.01.14:56:42 Info: Generating the following file(s) for MODELSIM simulator in C:/Users/USER/Desktop/2025_2_NioII_SoC_Lab/Lab1_DE10/Nios2/simulation
Info: 2026.03.01.14:56:42 Info:     mentor
Info: 2026.03.01.14:56:42 Info: Skipping VCS script generation since VHDL file $QUARTUS_INSTALL_DIR/eda/sim_lib
Info: 2026.03.01.14:56:42 Info: Generating the following file(s) for VCSMX simulator in C:/Users/USER/Desktop/2025_2_NioII_SoC_Lab/Lab1_DE10/Nios2/simulation
Info: 2026.03.01.14:56:42 Info:     synopsys/vcsmx
Info: 2026.03.01.14:56:42 Info:     synopsys/vcsmx
Info: 2026.03.01.14:56:42 Info: Generating the following file(s) for NCSIM simulator in C:/Users/USER/Desktop/2025_2_NioII_SoC_Lab/Lab1_DE10/Nios2/simulation
Info: 2026.03.01.14:56:42 Info:     cadence
Info: 2026.03.01.14:56:42 Info:     cadence
Info: 2026.03.01.14:56:42 Info:     cadence
Info: 2026.03.01.14:56:42 Info:     21 .cds.lib files in cadence/cds_libs
Info: 2026.03.01.14:56:42 Info: Generating the following file(s) for RIVIERA simulator in C:/Users/USER/Desktop/2025_2_NioII_SoC_Lab/Lab1_DE10/Nios2/simulation
Info: 2026.03.01.14:56:42 Info:     aldec
Info: 2026.03.01.14:56:42 Info: For information on how to simulate your IP, see the explanatory comments in the simulator-specific subdirectories under C:/Users/USER/Desktop/2025_2_NioII_SoC_Lab/Lab1_DE10/Nios2/simulation
Info: 2026.03.01.14:56:42 Info: Regenerate these scripts whenever you make any change to any Quartus-generated IP in your project.
Info: 2026.03.01.14:56:42 Info: Finished: Create Modelsim Project.
Info: 2026.03.01.14:56:42 Info: Starting: Create block symbol file (.bsf)
Info: 2026.03.01.14:56:42 Info: qsys-generate C:\Users\USER\Desktop\2025_2_NioII_SoC_Lab\Lab1_DE10\Nios2.qsys --block-symbol-file --output-directory=C:\Users\USER\Desktop\2025_2_NioII_SoC_Lab\Lab1_DE10\Nios2 --family="Cyclone V" --part=5CSXFC6D6F31C6
Info: 2026.03.01.14:56:42 Info: Loading Lab1_DE10
Info: 2026.03.01.14:56:43 Info: Reading input file
Info: 2026.03.01.14:56:43 Info: Adding CLK [clock_source 18.1]
Info: 2026.03.01.14:56:43 Info: Parameterizing module CLK
Info: 2026.03.01.14:56:43 Info: Adding CPU [altera_nios2_gen2 18.1]
Info: 2026.03.01.14:56:43 Info: Parameterizing module CPU
Info: 2026.03.01.14:56:43 Info: Adding JUART [altera_avalon_jtag_uart 18.1]
Info: 2026.03.01.14:56:43 Info: Parameterizing module JUART
Info: 2026.03.01.14:56:43 Info: Adding PIO_LED [altera_avalon_pio 18.1]
Info: 2026.03.01.14:56:43 Info: Parameterizing module PIO_LED
Info: 2026.03.01.14:56:43 Info: Adding RAM [altera_avalon_onchip_memory2 18.1]
Info: 2026.03.01.14:56:43 Info: Parameterizing module RAM
Info: 2026.03.01.14:56:43 Info: Building connections
Info: 2026.03.01.14:56:43 Info: Parameterizing connections
Info: 2026.03.01.14:56:43 Info: Validating
Info: 2026.03.01.14:56:45 Info: Done reading input file
Info: 2026.03.01.14:56:46 Info: Nios2.JUART: JTAG UART IP input clock need to be at least double (2x) the operating frequency of JTAG TCK on board
Warning: 2026.03.01.14:56:46 Warning: Nios2.JUART: Interrupt sender JUART.irq is not connected to an interrupt receiver
Info: 2026.03.01.14:56:47 Info: qsys-generate succeeded.
Info: 2026.03.01.14:56:47 Info: Finished: Create block symbol file (.bsf)
Info: 2026.03.01.14:56:47 Info:
Info: 2026.03.01.14:56:47 Info: Starting: Create HDL design files for synthesis
Info: 2026.03.01.14:56:47 Info: qsys-generate C:\Users\USER\Desktop\2025_2_NioII_SoC_Lab\Lab1_DE10\Nios2.qsys --synthesis=VERILOG --output-directory=C:\Users\USER\Desktop\2025_2_NioII_SoC_Lab\Lab1_DE10\Nios2\synthesis --family="Cyclone V" --part=5CSXFC6D6F31C6
Info: 2026.03.01.14:56:47 Info: Loading Lab1_DE10
Info: 2026.03.01.14:56:47 Info: Reading input file
Info: 2026.03.01.14:56:47 Info: Adding CLK [clock_source 18.1]
Info: 2026.03.01.14:56:47 Info: Parameterizing module CLK
Info: 2026.03.01.14:56:47 Info: Adding CPU [altera_nios2_gen2 18.1]
Info: 2026.03.01.14:56:47 Info: Parameterizing module CPU
Info: 2026.03.01.14:56:47 Info: Adding JUART [altera_avalon_jtag_uart 18.1]
Info: 2026.03.01.14:56:47 Info: Parameterizing module JUART
Info: 2026.03.01.14:56:47 Info: Adding PIO_LED [altera_avalon_pio 18.1]
Info: 2026.03.01.14:56:47 Info: Parameterizing module PIO_LED
Info: 2026.03.01.14:56:47 Info: Adding RAM [altera_avalon_onchip_memory2 18.1]
Info: 2026.03.01.14:56:47 Info: Parameterizing module RAM
Info: 2026.03.01.14:56:47 Info: Building connections
Info: 2026.03.01.14:56:47 Info: Parameterizing connections
Info: 2026.03.01.14:56:47 Info: Validating
Info: 2026.03.01.14:56:48 Info: Done reading input file
Info: 2026.03.01.14:56:50 Info: Nios2.JUART: JTAG UART IP input clock need to be at least double (2x) the operating frequency of JTAG TCK on board
Warning: 2026.03.01.14:56:50 Warning: Nios2.JUART: Interrupt sender JUART.irq is not connected to an interrupt receiver
Info: 2026.03.01.14:56:50 Info: Nios2: Generating Nios2 "Nios2" for QUARTUS_SYNTH
Info: 2026.03.01.14:56:58 Info: CPU: "Nios2" instantiated altera_nios2_gen2 "CPU"
Info: 2026.03.01.14:56:58 Info: JUART: Starting RTL generation for module 'Nios2_JUART'
Info: 2026.03.01.14:56:58 Info: JUART:   Generation command is [exec K:/quartus18/quartus/bin64/perl/bin/perl.exe -I K:/quartus18/quartus/bin64/perl/lib -I K:/quartus18/quartus/sopc_builder/bin/europa -I K:/quartus18/quartus/sopc_builder/bin/perl_lib -I K:/quartus18/quartus/sopc_builder/bin -I K:/quartus18/quartus/../ip/altera/sopc_builder_ip/common -I K:/quartus18/quartus/../ip/altera/sopc_builder_ip/altera_avalon_jtag_uart -- K:/quartus18/quartus/../ip/altera/sopc_builder_ip/altera_avalon_jtag_uart/generate_rtl.pl --name=Nios2_JUART --dir=C:/Users/USER/AppData/Local/Temp/alt0513_5776266701836857986.dir/0021_JUART_gen/ --quartus_dir=K:/quartus18/quartus --verilog --config=C:/Users/USER/AppData/Local/Temp/alt0513_5776266701836857986.dir/0021_JUART_gen/
Info: 2026.03.01.14:56:59 Info: JUART: Done RTL generation for module 'Nios2_JUART'
Info: 2026.03.01.14:56:59 Info: JUART: "Nios2" instantiated altera_avalon_jtag_uart "JUART"
Info: 2026.03.01.14:56:59 Info: PIO_LED: Starting RTL generation for module 'Nios2_PIO_LED'
Info: 2026.03.01.14:56:59 Info: PIO_LED:   Generation command is [exec K:/quartus18/quartus/bin64/perl/bin/perl.exe -I K:/quartus18/quartus/bin64/perl/lib -I K:/quartus18/quartus/sopc_builder/bin/europa -I K:/quartus18/quartus/sopc_builder/bin/perl_lib -I K:/quartus18/quartus/sopc_builder/bin -I K:/quartus18/quartus/../ip/altera/sopc_builder_ip/common -I K:/quartus18/quartus/../ip/altera/sopc_builder_ip/altera_avalon_pio -- K:/quartus18/quartus/../ip/altera/sopc_builder_ip/altera_avalon_pio/generate_rtl.pl --name=Nios2_PIO_LED --dir=C:/Users/USER/AppData/Local/Temp/alt0513_5776266701836857986.dir/0022_PIO_LED_gen/ --quartus_dir=K:/quartus18/quartus --verilog --config=C:/Users/USER/AppData/Local/Temp/alt0513_5776266701836857986.dir/0022_PIO_LED_gen/
Info: 2026.03.01.14:56:59 Info: PIO_LED: Done RTL generation for module 'Nios2_PIO_LED'
Info: 2026.03.01.14:56:59 Info: PIO_LED: "Nios2" instantiated altera_avalon_pio "PIO_LED"
Info: 2026.03.01.14:56:59 Info: RAM: Starting RTL generation for module 'Nios2_RAM'
Info: 2026.03.01.14:56:59 Info: RAM:   Generation command is [exec K:/quartus18/quartus/bin64/perl/bin/perl.exe -I K:/quartus18/quartus/bin64/perl/lib -I K:/quartus18/quartus/sopc_builder/bin/europa -I K:/quartus18/quartus/sopc_builder/bin/perl_lib -I K:/quartus18/quartus/sopc_builder/bin -I K:/quartus18/quartus/../ip/altera/sopc_builder_ip/common -I K:/quartus18/quartus/../ip/altera/sopc_builder_ip/altera_avalon_onchip_memory2 -- K:/quartus18/quartus/../ip/altera/sopc_builder_ip/altera_avalon_onchip_memory2/generate_rtl.pl --name=Nios2_RAM --dir=C:/Users/USER/AppData/Local/Temp/alt0513_5776266701836857986.dir/0023_RAM_gen/ --quartus_dir=K:/quartus18/quartus --verilog --config=C:/Users/USER/AppData/Local/Temp/alt0513_5776266701836857986.dir/0023_RAM_gen/
Info: 2026.03.01.14:57:00 Info: RAM: Done RTL generation for module 'Nios2_RAM'
Info: 2026.03.01.14:57:00 Info: RAM: "Nios2" instantiated altera_avalon_onchip_memory2 "RAM"
Info: 2026.03.01.14:57:06 Info: avalon_st_adapter: Inserting error_adapter: error_adapter_0
Info: 2026.03.01.14:57:06 Info: avalon_st_adapter_001: Inserting error_adapter: error_adapter_0
Info: 2026.03.01.14:57:07 Info: avalon_st_adapter_002: Inserting error_adapter: error_adapter_0
Info: 2026.03.01.14:57:08 Info: avalon_st_adapter_003: Inserting error_adapter: error_adapter_0
Info: 2026.03.01.14:57:11 Info: mm_interconnect_0: "Nios2" instantiated altera_mm_interconnect "mm_interconnect_0"
Info: 2026.03.01.14:57:11 Info: irq_mapper: "Nios2" instantiated altera_irq_mapper "irq_mapper"
Info: 2026.03.01.14:57:11 Info: rst_controller: "Nios2" instantiated altera_reset_controller "rst_controller"
Info: 2026.03.01.14:57:12 Info: cpu: Starting RTL generation for module 'Nios2_CPU_cpu'
Info: 2026.03.01.14:57:12 Info: cpu:   Generation command is [exec K:/Quartus18/quartus/bin64//eperlcmd.exe -I K:/Quartus18/quartus/bin64//perl/lib -I K:/quartus18/quartus/sopc_builder/bin/europa -I K:/quartus18/quartus/sopc_builder/bin/perl_lib -I K:/quartus18/quartus/sopc_builder/bin -I K:/quartus18/quartus/../ip/altera/nios2_ip/altera_nios2_gen2/cpu_lib -I K:/quartus18/quartus/../ip/altera/nios2_ip/altera_nios2_gen2/nios_lib -I K:/quartus18/quartus/../ip/altera/nios2_ip/altera_nios2_gen2 -I K:/quartus18/quartus/../ip/altera/nios2_ip/altera_nios2_gen2 -- K:/quartus18/quartus/../ip/altera/nios2_ip/altera_nios2_gen2/generate_rtl.epl --name=Nios2_CPU_cpu --dir=C:/Users/USER/AppData/Local/Temp/alt0513_5776266701836857986.dir/0026_cpu_gen/ --quartus_bindir=K:/Quartus18/quartus/bin64/ --verilog --config=C:/Users/USER/AppData/Local/Temp/alt0513_5776266701836857986.dir/0026_cpu_gen/
Info: 2026.03.01.14:57:16 Info: cpu: # 2026.03.01 14:57:13 (*) Starting Nios II generation
Info: 2026.03.01.14:57:16 Info: cpu: # 2026.03.01 14:57:13 (*)   Checking for plaintext license.
Info: 2026.03.01.14:57:16 Info: cpu: # 2026.03.01 14:57:14 (*)   Couldn't query license setup in Quartus directory K:/Quartus18/quartus/bin64
Info: 2026.03.01.14:57:16 Info: cpu: # 2026.03.01 14:57:14 (*)   Defaulting to contents of LM_LICENSE_FILE environment variable
Info: 2026.03.01.14:57:16 Info: cpu: # 2026.03.01 14:57:14 (*)   Plaintext license not found.
Info: 2026.03.01.14:57:16 Info: cpu: # 2026.03.01 14:57:14 (*)   No license required to generate encrypted Nios II
Info: 2026.03.01.14:57:16 Info: cpu: # 2026.03.01 14:57:14 (*)   Elaborating CPU configuration settings
Info: 2026.03.01.14:57:16 Info: cpu: # 2026.03.01 14:57:14 (*)   Creating all objects for CPU
Info: 2026.03.01.14:57:16 Info: cpu: # 2026.03.01 14:57:15 (*)   Generating RTL from CPU objects
Info: 2026.03.01.14:57:16 Info: cpu: # 2026.03.01 14:57:15 (*)   Creating plain-text RTL
Info: 2026.03.01.14:57:16 Info: cpu: # 2026.03.01 14:57:16 (*) Done Nios II generation
Info: 2026.03.01.14:57:16 Info: cpu: Done RTL generation for module 'Nios2_CPU_cpu'
Info: 2026.03.01.14:57:16 Info: cpu: "CPU" instantiated altera_nios2_gen2_unit "cpu"
Info: 2026.03.01.14:57:16 Info: CPU_data_master_translator: "mm_interconnect_0" instantiated altera_merlin_master_translator "CPU_data_master_translator"
Info: 2026.03.01.14:57:16 Info: JUART_avalon_jtag_slave_translator: "mm_interconnect_0" instantiated altera_merlin_slave_translator "JUART_avalon_jtag_slave_translator"
Info: 2026.03.01.14:57:16 Info: CPU_data_master_agent: "mm_interconnect_0" instantiated altera_merlin_master_agent "CPU_data_master_agent"
Info: 2026.03.01.14:57:16 Info: JUART_avalon_jtag_slave_agent: "mm_interconnect_0" instantiated altera_merlin_slave_agent "JUART_avalon_jtag_slave_agent"
Info: 2026.03.01.14:57:16 Info: JUART_avalon_jtag_slave_agent_rsp_fifo: "mm_interconnect_0" instantiated altera_avalon_sc_fifo "JUART_avalon_jtag_slave_agent_rsp_fifo"
Info: 2026.03.01.14:57:17 Info: router: "mm_interconnect_0" instantiated altera_merlin_router "router"
Info: 2026.03.01.14:57:17 Info: router_002: "mm_interconnect_0" instantiated altera_merlin_router "router_002"
Info: 2026.03.01.14:57:17 Info: cmd_demux: "mm_interconnect_0" instantiated altera_merlin_demultiplexer "cmd_demux"
Info: 2026.03.01.14:57:17 Info: cmd_mux: "mm_interconnect_0" instantiated altera_merlin_multiplexer "cmd_mux"
Info: 2026.03.01.14:57:17 Info: rsp_demux: "mm_interconnect_0" instantiated altera_merlin_demultiplexer "rsp_demux"
Info: 2026.03.01.14:57:17 Info: rsp_mux: "mm_interconnect_0" instantiated altera_merlin_multiplexer "rsp_mux"
Info: 2026.03.01.14:57:17 Info: Reusing file C:/Users/USER/Desktop/2025_2_NioII_SoC_Lab/Lab1_DE10/Nios2/synthesis/submodules
Info: 2026.03.01.14:57:18 Info: avalon_st_adapter: "mm_interconnect_0" instantiated altera_avalon_st_adapter "avalon_st_adapter"
Info: 2026.03.01.14:57:18 Info: error_adapter_0: "avalon_st_adapter" instantiated error_adapter "error_adapter_0"
Info: 2026.03.01.14:57:18 Info: Nios2: Done "Nios2" with 22 modules, 35 files
Info: 2026.03.01.14:57:19 Info: qsys-generate succeeded.
Info: 2026.03.01.14:57:19 Info: Finished: Create HDL design files for synthesis
Info (11131): Completed upgrading IP component Qsys with file "Nios2.qsys"
Info (23030): Evaluation of Tcl script k:/quartus18/quartus/common/tcl/internal/ip_regen/ip_regen.tcl was successful
Info: Quartus Prime Shell was successful. 0 errors, 3 warnings
    Info: Peak virtual memory: 4853 megabytes
    Info: Processing ended: Sun Mar 01 14:57:19 2026
    Info: Elapsed time: 00:02:08
    Info: Total CPU time (on all processors): 00:02:55


